06/01/2015 13:50:24 Entered ServiceMain
06/01/2015 13:50:24 Entered InitService
06/01/2015 13:50:24 Successfully created commands communications channel
06/01/2015 13:50:24 Successfully created results communications channel
06/01/2015 13:50:24 Exiting InitService
06/01/2015 13:50:24 *****Stopping SUService logging*****



06/12/2015 16:54:49 Returning to OS: 0

06/12/2015 16:54:49 *****Stopping SUService logging*****



06/15/2015 08:58:33 Entered ServiceMain
06/15/2015 08:58:33 Entered InitService
06/15/2015 08:58:33 Successfully created commands communications channel
06/15/2015 08:58:33 Successfully created results communications channel
06/15/2015 08:58:33 Exiting InitService
06/15/2015 08:58:33 *****Stopping SUService logging*****



07/10/2015 16:56:22 Returning to OS: 0

07/10/2015 16:56:22 *****Stopping SUService logging*****



07/13/2015 09:04:26 Entered ServiceMain
07/13/2015 09:04:26 Entered InitService
07/13/2015 09:04:26 Successfully created commands communications channel
07/13/2015 09:04:26 Successfully created results communications channel
07/13/2015 09:04:26 Exiting InitService
07/13/2015 09:04:26 *****Stopping SUService logging*****



07/17/2015 16:47:32 Returning to OS: 0

07/17/2015 16:47:32 *****Stopping SUService logging*****



07/21/2015 08:29:13 Entered ServiceMain
07/21/2015 08:29:13 Entered InitService
07/21/2015 08:29:13 Successfully created commands communications channel
07/21/2015 08:29:13 Successfully created results communications channel
07/21/2015 08:29:13 Exiting InitService
07/21/2015 08:29:13 *****Stopping SUService logging*****



07/24/2015 10:45:40 Returning to OS: 0

07/24/2015 10:45:40 *****Stopping SUService logging*****



07/24/2015 10:46:46 Entered ServiceMain
07/24/2015 10:46:46 Entered InitService
07/24/2015 10:46:46 Successfully created commands communications channel
07/24/2015 10:46:46 Successfully created results communications channel
07/24/2015 10:46:46 Exiting InitService
07/24/2015 10:46:46 *****Stopping SUService logging*****



08/14/2015 16:59:22 Returning to OS: 0

08/14/2015 16:59:22 *****Stopping SUService logging*****



08/17/2015 08:35:12 Entered ServiceMain
08/17/2015 08:35:12 Entered InitService
08/17/2015 08:35:12 Successfully created commands communications channel
08/17/2015 08:35:12 Successfully created results communications channel
08/17/2015 08:35:12 Exiting InitService
08/17/2015 08:35:12 *****Stopping SUService logging*****



08/21/2015 16:57:35 Returning to OS: 0

08/21/2015 16:57:35 *****Stopping SUService logging*****



08/24/2015 09:02:32 Entered ServiceMain
08/24/2015 09:02:32 Entered InitService
08/24/2015 09:02:33 Successfully created commands communications channel
08/24/2015 09:02:33 Successfully created results communications channel
08/24/2015 09:02:33 Exiting InitService
08/24/2015 09:02:33 *****Stopping SUService logging*****



09/11/2015 08:46:46 Entered ServiceMain
09/11/2015 08:46:46 Entered InitService
09/11/2015 08:46:46 Successfully created commands communications channel
09/11/2015 08:46:46 Successfully created results communications channel
09/11/2015 08:46:46 Exiting InitService
09/11/2015 08:46:46 *****Stopping SUService logging*****



10/14/2015 08:52:54 Returning to OS: 0

10/14/2015 08:52:54 *****Stopping SUService logging*****



10/14/2015 08:54:15 Entered ServiceMain
10/14/2015 08:54:15 Entered InitService
10/14/2015 08:54:15 Successfully created commands communications channel
10/14/2015 08:54:15 Successfully created results communications channel
10/14/2015 08:54:15 Exiting InitService
10/14/2015 08:54:15 *****Stopping SUService logging*****



10/16/2015 18:11:00 Returning to OS: 0

10/16/2015 18:11:01 *****Stopping SUService logging*****



10/19/2015 08:41:49 Entered ServiceMain
10/19/2015 08:41:49 Entered InitService
10/19/2015 08:41:49 Successfully created commands communications channel
10/19/2015 08:41:49 Successfully created results communications channel
10/19/2015 08:41:49 Exiting InitService
10/19/2015 08:41:49 *****Stopping SUService logging*****



10/23/2015 08:58:41 Returning to OS: 0

10/23/2015 08:58:41 *****Stopping SUService logging*****



10/23/2015 08:59:51 Entered ServiceMain
10/23/2015 08:59:51 Entered InitService
10/23/2015 08:59:51 Successfully created commands communications channel
10/23/2015 08:59:51 Successfully created results communications channel
10/23/2015 08:59:51 Exiting InitService
10/23/2015 08:59:51 *****Stopping SUService logging*****



11/12/2015 12:09:54 Returning to OS: 0

11/12/2015 12:09:54 *****Stopping SUService logging*****



11/12/2015 12:12:28 Entered ServiceMain
11/12/2015 12:12:28 Entered InitService
11/12/2015 12:12:28 Successfully created commands communications channel
11/12/2015 12:12:28 Successfully created results communications channel
11/12/2015 12:12:28 Exiting InitService
11/12/2015 12:12:28 *****Stopping SUService logging*****



12/09/2015 18:01:23 Returning to OS: 0

12/09/2015 18:01:24 *****Stopping SUService logging*****



12/09/2015 18:03:18 Entered ServiceMain
12/09/2015 18:03:18 Entered InitService
12/09/2015 18:03:18 Successfully created commands communications channel
12/09/2015 18:03:18 Successfully created results communications channel
12/09/2015 18:03:18 Exiting InitService
12/09/2015 18:03:18 *****Stopping SUService logging*****



12/15/2015 13:00:06 Returning to OS: 0

12/15/2015 13:00:07 *****Stopping SUService logging*****



12/15/2015 13:01:28 Entered ServiceMain
12/15/2015 13:01:28 Entered InitService
12/15/2015 13:01:28 Successfully created commands communications channel
12/15/2015 13:01:28 Successfully created results communications channel
12/15/2015 13:01:28 Exiting InitService
12/15/2015 13:01:28 *****Stopping SUService logging*****



12/16/2015 18:01:17 Returning to OS: 0

12/16/2015 18:01:18 *****Stopping SUService logging*****



12/16/2015 18:39:44 Entered ServiceMain
12/16/2015 18:39:44 Entered InitService
12/16/2015 18:39:44 Successfully created commands communications channel
12/16/2015 18:39:44 Successfully created results communications channel
12/16/2015 18:39:44 Exiting InitService
12/16/2015 18:39:44 *****Stopping SUService logging*****



12/24/2015 09:59:40 Returning to OS: 0

12/24/2015 09:59:40 *****Stopping SUService logging*****



12/24/2015 10:01:40 Entered ServiceMain
12/24/2015 10:01:40 Entered InitService
12/24/2015 10:01:40 Successfully created commands communications channel
12/24/2015 10:01:40 Successfully created results communications channel
12/24/2015 10:01:40 Exiting InitService
12/24/2015 10:01:40 *****Stopping SUService logging*****



12/24/2015 11:52:14 Returning to OS: 0

12/24/2015 11:52:14 *****Stopping SUService logging*****



12/24/2015 12:31:52 Entered ServiceMain
12/24/2015 12:31:52 Entered InitService
12/24/2015 12:31:52 Successfully created commands communications channel
12/24/2015 12:31:52 Successfully created results communications channel
12/24/2015 12:31:52 Exiting InitService
12/24/2015 12:31:52 *****Stopping SUService logging*****



01/04/2016 10:57:56 Returning to OS: 0

01/04/2016 10:57:56 *****Stopping SUService logging*****



01/04/2016 10:58:51 Entered ServiceMain
01/04/2016 10:58:51 Entered InitService
01/04/2016 10:58:52 Successfully created commands communications channel
01/04/2016 10:58:52 Successfully created results communications channel
01/04/2016 10:58:52 Exiting InitService
01/04/2016 10:58:52 *****Stopping SUService logging*****



01/04/2016 11:19:25 Returning to OS: 0

01/04/2016 11:19:25 *****Stopping SUService logging*****



01/04/2016 11:20:11 Entered ServiceMain
01/04/2016 11:20:11 Entered InitService
01/04/2016 11:20:12 Successfully created commands communications channel
01/04/2016 11:20:12 Successfully created results communications channel
01/04/2016 11:20:12 Exiting InitService
01/04/2016 11:20:12 *****Stopping SUService logging*****



01/04/2016 12:04:06 Returning to OS: 0

01/04/2016 12:04:06 *****Stopping SUService logging*****



01/04/2016 12:04:52 Entered ServiceMain
01/04/2016 12:04:52 Entered InitService
01/04/2016 12:04:52 Successfully created commands communications channel
01/04/2016 12:04:52 Successfully created results communications channel
01/04/2016 12:04:52 Exiting InitService
01/04/2016 12:04:52 *****Stopping SUService logging*****



01/04/2016 12:21:37 Returning to OS: 0

01/04/2016 12:21:37 *****Stopping SUService logging*****



01/04/2016 12:22:34 Entered ServiceMain
01/04/2016 12:22:34 Entered InitService
01/04/2016 12:22:34 Successfully created commands communications channel
01/04/2016 12:22:34 Successfully created results communications channel
01/04/2016 12:22:34 Exiting InitService
01/04/2016 12:22:34 *****Stopping SUService logging*****



01/07/2016 03:31:24 Entered ServiceMain
01/07/2016 03:31:24 Entered InitService
01/07/2016 03:31:24 Successfully created commands communications channel
01/07/2016 03:31:24 Successfully created results communications channel
01/07/2016 03:31:24 Exiting InitService
01/07/2016 03:31:24 *****Stopping SUService logging*****



01/07/2016 09:26:32 Returning to OS: 0

01/07/2016 09:26:32 *****Stopping SUService logging*****



01/07/2016 09:27:34 Entered ServiceMain
01/07/2016 09:27:34 Entered InitService
01/07/2016 09:27:34 Successfully created commands communications channel
01/07/2016 09:27:34 Successfully created results communications channel
01/07/2016 09:27:34 Exiting InitService
01/07/2016 09:27:34 *****Stopping SUService logging*****



01/08/2016 15:22:27 Entered ServiceMain
01/08/2016 15:22:27 Entered InitService
01/08/2016 15:22:27 Successfully created commands communications channel
01/08/2016 15:22:27 Successfully created results communications channel
01/08/2016 15:22:27 Exiting InitService
01/08/2016 15:22:27 *****Stopping SUService logging*****



01/12/2016 03:30:04 Returning to OS: 0

01/12/2016 03:30:04 *****Stopping SUService logging*****



01/12/2016 03:30:55 Entered ServiceMain
01/12/2016 03:30:55 Entered InitService
01/12/2016 03:30:57 Successfully created commands communications channel
01/12/2016 03:30:57 Successfully created results communications channel
01/12/2016 03:30:57 Exiting InitService
01/12/2016 03:30:57 *****Stopping SUService logging*****



01/15/2016 17:14:50 Returning to OS: 0

01/15/2016 17:14:50 *****Stopping SUService logging*****



01/18/2016 08:41:38 Entered ServiceMain
01/18/2016 08:41:38 Entered InitService
01/18/2016 08:41:38 Successfully created commands communications channel
01/18/2016 08:41:38 Successfully created results communications channel
01/18/2016 08:41:38 Exiting InitService
01/18/2016 08:41:38 *****Stopping SUService logging*****



01/29/2016 17:20:41 Returning to OS: 0

01/29/2016 17:20:41 *****Stopping SUService logging*****



02/01/2016 08:33:25 Entered ServiceMain
02/01/2016 08:33:25 Entered InitService
02/01/2016 08:33:25 Successfully created commands communications channel
02/01/2016 08:33:25 Successfully created results communications channel
02/01/2016 08:33:25 Exiting InitService
02/01/2016 08:33:25 *****Stopping SUService logging*****



02/12/2016 16:42:29 Returning to OS: 0

02/12/2016 16:42:29 *****Stopping SUService logging*****



02/15/2016 08:40:40 Entered ServiceMain
02/15/2016 08:40:40 Entered InitService
02/15/2016 08:40:40 Successfully created commands communications channel
02/15/2016 08:40:40 Successfully created results communications channel
02/15/2016 08:40:40 Exiting InitService
02/15/2016 08:40:40 *****Stopping SUService logging*****



03/04/2016 17:55:53 Returning to OS: 0

03/04/2016 17:55:54 *****Stopping SUService logging*****



03/07/2016 08:33:49 Entered ServiceMain
03/07/2016 08:33:49 Entered InitService
03/07/2016 08:33:49 Successfully created commands communications channel
03/07/2016 08:33:49 Successfully created results communications channel
03/07/2016 08:33:49 Exiting InitService
03/07/2016 08:33:49 *****Stopping SUService logging*****



03/11/2016 17:05:34 Returning to OS: 0

03/11/2016 17:05:35 *****Stopping SUService logging*****



03/14/2016 08:52:36 Entered ServiceMain
03/14/2016 08:52:36 Entered InitService
03/14/2016 08:52:36 Successfully created commands communications channel
03/14/2016 08:52:36 Successfully created results communications channel
03/14/2016 08:52:36 Exiting InitService
03/14/2016 08:52:36 *****Stopping SUService logging*****



04/01/2016 13:58:41 Returning to OS: 0

04/01/2016 13:58:41 *****Stopping SUService logging*****



04/01/2016 13:59:48 Entered ServiceMain
04/01/2016 13:59:48 Entered InitService
04/01/2016 13:59:48 Successfully created commands communications channel
04/01/2016 13:59:48 Successfully created results communications channel
04/01/2016 13:59:48 Exiting InitService
04/01/2016 13:59:48 *****Stopping SUService logging*****



04/01/2016 14:33:17 Returning to OS: 0

04/01/2016 14:33:17 *****Stopping SUService logging*****



04/01/2016 14:34:18 Entered ServiceMain
04/01/2016 14:34:18 Entered InitService
04/01/2016 14:34:18 Successfully created commands communications channel
04/01/2016 14:34:18 Successfully created results communications channel
04/01/2016 14:34:18 Exiting InitService
04/01/2016 14:34:18 *****Stopping SUService logging*****



04/07/2016 10:41:29 Returning to OS: 0

04/07/2016 10:41:29 *****Stopping SUService logging*****



04/07/2016 10:42:44 Entered ServiceMain
04/07/2016 10:42:44 Entered InitService
04/07/2016 10:42:44 Successfully created commands communications channel
04/07/2016 10:42:44 Successfully created results communications channel
04/07/2016 10:42:44 Exiting InitService
04/07/2016 10:42:44 *****Stopping SUService logging*****



04/08/2016 17:39:39 Returning to OS: 0

04/08/2016 17:39:39 *****Stopping SUService logging*****



04/11/2016 08:48:33 Entered ServiceMain
04/11/2016 08:48:33 Entered InitService
04/11/2016 08:48:33 Successfully created commands communications channel
04/11/2016 08:48:33 Successfully created results communications channel
04/11/2016 08:48:33 Exiting InitService
04/11/2016 08:48:33 *****Stopping SUService logging*****



04/15/2016 17:01:08 Returning to OS: 0

04/15/2016 17:01:08 *****Stopping SUService logging*****



04/18/2016 09:20:49 Entered ServiceMain
04/18/2016 09:20:49 Entered InitService
04/18/2016 09:20:49 Successfully created commands communications channel
04/18/2016 09:20:49 Successfully created results communications channel
04/18/2016 09:20:49 Exiting InitService
04/18/2016 09:20:49 *****Stopping SUService logging*****



05/04/2016 14:34:36 Entered ServiceMain
05/04/2016 14:34:36 Entered InitService
05/04/2016 14:34:36 Successfully created commands communications channel
05/04/2016 14:34:36 Successfully created results communications channel
05/04/2016 14:34:36 Exiting InitService
05/04/2016 14:34:36 *****Stopping SUService logging*****



05/13/2016 18:01:05 Returning to OS: 0

05/13/2016 18:01:06 *****Stopping SUService logging*****



05/17/2016 08:51:50 Entered ServiceMain
05/17/2016 08:51:50 Entered InitService
05/17/2016 08:51:50 Successfully created commands communications channel
05/17/2016 08:51:50 Successfully created results communications channel
05/17/2016 08:51:50 Exiting InitService
05/17/2016 08:51:50 *****Stopping SUService logging*****



06/15/2016 13:38:00 Returning to OS: 0

06/15/2016 13:38:01 *****Stopping SUService logging*****



06/15/2016 13:42:40 Entered ServiceMain
06/15/2016 13:42:40 Entered InitService
06/15/2016 13:42:40 Successfully created commands communications channel
06/15/2016 13:42:40 Successfully created results communications channel
06/15/2016 13:42:40 Exiting InitService
06/15/2016 13:42:40 *****Stopping SUService logging*****



07/15/2016 17:25:21 Returning to OS: 0

07/15/2016 17:25:21 *****Stopping SUService logging*****



07/18/2016 09:11:00 Entered ServiceMain
07/18/2016 09:11:00 Entered InitService
07/18/2016 09:11:00 Successfully created commands communications channel
07/18/2016 09:11:00 Successfully created results communications channel
07/18/2016 09:11:00 Exiting InitService
07/18/2016 09:11:00 *****Stopping SUService logging*****



07/22/2016 17:39:03 Returning to OS: 0

07/22/2016 17:39:03 *****Stopping SUService logging*****



07/25/2016 09:14:10 Entered ServiceMain
07/25/2016 09:14:10 Entered InitService
07/25/2016 09:14:10 Successfully created commands communications channel
07/25/2016 09:14:10 Successfully created results communications channel
07/25/2016 09:14:10 Exiting InitService
07/25/2016 09:14:10 *****Stopping SUService logging*****



07/25/2016 09:36:46 Returning to OS: 0

07/25/2016 09:36:46 *****Stopping SUService logging*****



07/25/2016 09:38:28 Entered ServiceMain
07/25/2016 09:38:29 Entered InitService
07/25/2016 09:38:29 Successfully created commands communications channel
07/25/2016 09:38:29 Successfully created results communications channel
07/25/2016 09:38:29 Exiting InitService
07/25/2016 09:38:29 *****Stopping SUService logging*****



07/29/2016 18:02:31 Returning to OS: 0

07/29/2016 18:02:31 *****Stopping SUService logging*****



08/02/2016 09:10:13 Entered ServiceMain
08/02/2016 09:10:13 Entered InitService
08/02/2016 09:10:13 Successfully created commands communications channel
08/02/2016 09:10:13 Successfully created results communications channel
08/02/2016 09:10:13 Exiting InitService
08/02/2016 09:10:13 *****Stopping SUService logging*****



08/03/2016 18:28:54 Returning to OS: 0

08/03/2016 18:28:55 *****Stopping SUService logging*****



08/04/2016 08:08:08 Entered ServiceMain
08/04/2016 08:08:08 Entered InitService
08/04/2016 08:08:08 Successfully created commands communications channel
08/04/2016 08:08:08 Successfully created results communications channel
08/04/2016 08:08:08 Exiting InitService
08/04/2016 08:08:08 *****Stopping SUService logging*****



08/04/2016 10:20:25 Entered ServiceMain
08/04/2016 10:20:25 Entered InitService
08/04/2016 10:20:25 Successfully created commands communications channel
08/04/2016 10:20:25 Successfully created results communications channel
08/04/2016 10:20:25 Exiting InitService
08/04/2016 10:20:25 *****Stopping SUService logging*****



08/05/2016 17:13:19 Returning to OS: 0

08/05/2016 17:13:19 *****Stopping SUService logging*****



08/08/2016 08:56:05 Entered ServiceMain
08/08/2016 08:56:05 Entered InitService
08/08/2016 08:56:05 Successfully created commands communications channel
08/08/2016 08:56:05 Successfully created results communications channel
08/08/2016 08:56:05 Exiting InitService
08/08/2016 08:56:05 *****Stopping SUService logging*****



08/11/2016 17:51:44 Returning to OS: 0

08/11/2016 17:51:44 *****Stopping SUService logging*****



08/15/2016 09:16:03 Entered ServiceMain
08/15/2016 09:16:03 Entered InitService
08/15/2016 09:16:03 Successfully created commands communications channel
08/15/2016 09:16:03 Successfully created results communications channel
08/15/2016 09:16:03 Exiting InitService
08/15/2016 09:16:03 *****Stopping SUService logging*****



08/26/2016 15:49:33 Entered ServiceMain
08/26/2016 15:49:33 Entered InitService
08/26/2016 15:49:33 Successfully created commands communications channel
08/26/2016 15:49:33 Successfully created results communications channel
08/26/2016 15:49:33 Exiting InitService
08/26/2016 15:49:33 *****Stopping SUService logging*****



08/26/2016 17:32:46 Returning to OS: 0

08/26/2016 17:32:46 *****Stopping SUService logging*****



08/29/2016 08:52:15 Entered ServiceMain
08/29/2016 08:52:15 Entered InitService
08/29/2016 08:52:15 Successfully created commands communications channel
08/29/2016 08:52:15 Successfully created results communications channel
08/29/2016 08:52:15 Exiting InitService
08/29/2016 08:52:15 *****Stopping SUService logging*****



09/16/2016 17:38:02 Returning to OS: 0

09/16/2016 17:38:02 *****Stopping SUService logging*****



09/20/2016 09:49:27 Entered ServiceMain
09/20/2016 09:49:27 Entered InitService
09/20/2016 09:49:27 Successfully created commands communications channel
09/20/2016 09:49:27 Successfully created results communications channel
09/20/2016 09:49:27 Exiting InitService
09/20/2016 09:49:27 *****Stopping SUService logging*****



09/29/2016 17:15:26 Entered ServiceMain
09/29/2016 17:15:26 Entered InitService
09/29/2016 17:15:26 Successfully created commands communications channel
09/29/2016 17:15:26 Successfully created results communications channel
09/29/2016 17:15:26 Exiting InitService
09/29/2016 17:15:26 *****Stopping SUService logging*****



09/29/2016 21:17:34 Returning to OS: 0

09/29/2016 21:17:34 *****Stopping SUService logging*****



09/29/2016 21:18:48 Entered ServiceMain
09/29/2016 21:18:48 Entered InitService
09/29/2016 21:18:48 Successfully created commands communications channel
09/29/2016 21:18:48 Successfully created results communications channel
09/29/2016 21:18:48 Exiting InitService
09/29/2016 21:18:48 *****Stopping SUService logging*****



10/10/2016 09:16:59 Returning to OS: 0

10/10/2016 09:16:59 *****Stopping SUService logging*****



10/10/2016 09:18:05 Entered ServiceMain
10/10/2016 09:18:05 Entered InitService
10/10/2016 09:18:05 Successfully created commands communications channel
10/10/2016 09:18:05 Successfully created results communications channel
10/10/2016 09:18:05 Exiting InitService
10/10/2016 09:18:05 *****Stopping SUService logging*****



10/10/2016 11:46:19 Entered ServiceMain
10/10/2016 11:46:19 Entered InitService
10/10/2016 11:46:19 Successfully created commands communications channel
10/10/2016 11:46:19 Successfully created results communications channel
10/10/2016 11:46:19 Exiting InitService
10/10/2016 11:46:19 *****Stopping SUService logging*****



10/11/2016 11:39:40 Returning to OS: 0

10/11/2016 11:39:40 *****Stopping SUService logging*****



10/11/2016 14:10:05 Entered ServiceMain
10/11/2016 14:10:05 Entered InitService
10/11/2016 14:10:05 Successfully created commands communications channel
10/11/2016 14:10:05 Successfully created results communications channel
10/11/2016 14:10:05 Exiting InitService
10/11/2016 14:10:05 *****Stopping SUService logging*****



10/12/2016 19:07:38 Returning to OS: 0

10/12/2016 19:07:38 *****Stopping SUService logging*****



10/12/2016 19:08:35 Entered ServiceMain
10/12/2016 19:08:35 Entered InitService
10/12/2016 19:08:35 Successfully created commands communications channel
10/12/2016 19:08:35 Successfully created results communications channel
10/12/2016 19:08:35 Exiting InitService
10/12/2016 19:08:35 *****Stopping SUService logging*****



10/18/2016 15:17:37 Returning to OS: 0

10/18/2016 15:17:37 *****Stopping SUService logging*****



10/18/2016 15:18:30 Entered ServiceMain
10/18/2016 15:18:30 Entered InitService
10/18/2016 15:18:30 Successfully created commands communications channel
10/18/2016 15:18:30 Successfully created results communications channel
10/18/2016 15:18:30 Exiting InitService
10/18/2016 15:18:30 *****Stopping SUService logging*****



10/21/2016 09:03:22 Returning to OS: 0

10/21/2016 09:03:23 *****Stopping SUService logging*****



10/21/2016 09:04:51 Entered ServiceMain
10/21/2016 09:04:51 Entered InitService
10/21/2016 09:04:51 Successfully created commands communications channel
10/21/2016 09:04:51 Successfully created results communications channel
10/21/2016 09:04:51 Exiting InitService
10/21/2016 09:04:51 *****Stopping SUService logging*****



10/25/2016 16:28:18 Entered ServiceMain
10/25/2016 16:28:18 Entered InitService
10/25/2016 16:28:18 Successfully created commands communications channel
10/25/2016 16:28:18 Successfully created results communications channel
10/25/2016 16:28:18 Exiting InitService
10/25/2016 16:28:18 *****Stopping SUService logging*****



10/31/2016 19:14:04 Returning to OS: 0

10/31/2016 19:14:05 *****Stopping SUService logging*****



10/31/2016 19:15:04 Entered ServiceMain
10/31/2016 19:15:04 Entered InitService
10/31/2016 19:15:04 Successfully created commands communications channel
10/31/2016 19:15:04 Successfully created results communications channel
10/31/2016 19:15:04 Exiting InitService
10/31/2016 19:15:04 *****Stopping SUService logging*****



11/08/2016 17:43:31 Returning to OS: 0

11/08/2016 17:43:31 *****Stopping SUService logging*****



11/08/2016 17:44:38 Entered ServiceMain
11/08/2016 17:44:39 Entered InitService
11/08/2016 17:44:39 Successfully created commands communications channel
11/08/2016 17:44:39 Successfully created results communications channel
11/08/2016 17:44:39 Exiting InitService
11/08/2016 17:44:39 *****Stopping SUService logging*****



11/10/2016 18:13:25 Returning to OS: 0

11/10/2016 18:13:25 *****Stopping SUService logging*****



11/10/2016 18:15:23 Entered ServiceMain
11/10/2016 18:15:23 Entered InitService
11/10/2016 18:15:23 Successfully created commands communications channel
11/10/2016 18:15:23 Successfully created results communications channel
11/10/2016 18:15:23 Exiting InitService
11/10/2016 18:15:23 *****Stopping SUService logging*****



11/24/2016 17:45:47 Entered ServiceMain
11/24/2016 17:45:47 Entered InitService
11/24/2016 17:45:47 Successfully created commands communications channel
11/24/2016 17:45:47 Successfully created results communications channel
11/24/2016 17:45:47 Exiting InitService
11/24/2016 17:45:47 *****Stopping SUService logging*****



12/02/2016 14:21:05 Returning to OS: 0

12/02/2016 14:21:05 *****Stopping SUService logging*****



12/02/2016 14:22:54 Entered ServiceMain
12/02/2016 14:22:54 Entered InitService
12/02/2016 14:22:54 Successfully created commands communications channel
12/02/2016 14:22:54 Successfully created results communications channel
12/02/2016 14:22:54 Exiting InitService
12/02/2016 14:22:54 *****Stopping SUService logging*****



12/12/2016 19:13:30 Returning to OS: 0

12/12/2016 19:13:30 *****Stopping SUService logging*****



12/12/2016 19:14:48 Entered ServiceMain
12/12/2016 19:14:48 Entered InitService
12/12/2016 19:14:48 Successfully created commands communications channel
12/12/2016 19:14:48 Successfully created results communications channel
12/12/2016 19:14:48 Exiting InitService
12/12/2016 19:14:48 *****Stopping SUService logging*****



12/14/2016 19:07:47 Returning to OS: 0

12/14/2016 19:07:47 *****Stopping SUService logging*****



12/14/2016 19:08:50 Entered ServiceMain
12/14/2016 19:08:50 Entered InitService
12/14/2016 19:08:50 Successfully created commands communications channel
12/14/2016 19:08:50 Successfully created results communications channel
12/14/2016 19:08:50 Exiting InitService
12/14/2016 19:08:50 *****Stopping SUService logging*****



01/10/2017 16:18:43 Returning to OS: 0

01/10/2017 16:18:43 *****Stopping SUService logging*****



01/10/2017 16:19:46 Entered ServiceMain
01/10/2017 16:19:46 Entered InitService
01/10/2017 16:19:46 Successfully created commands communications channel
01/10/2017 16:19:46 Successfully created results communications channel
01/10/2017 16:19:46 Exiting InitService
01/10/2017 16:19:46 *****Stopping SUService logging*****



01/20/2017 17:46:46 Returning to OS: 0

01/20/2017 17:46:46 *****Stopping SUService logging*****



01/20/2017 17:47:39 Entered ServiceMain
01/20/2017 17:47:39 Entered InitService
01/20/2017 17:47:39 Successfully created commands communications channel
01/20/2017 17:47:39 Successfully created results communications channel
01/20/2017 17:47:39 Exiting InitService
01/20/2017 17:47:39 *****Stopping SUService logging*****



01/21/2017 00:07:09 Returning to OS: 0

01/21/2017 00:07:09 *****Stopping SUService logging*****



01/21/2017 00:08:02 Entered ServiceMain
01/21/2017 00:08:02 Entered InitService
01/21/2017 00:08:02 Successfully created commands communications channel
01/21/2017 00:08:02 Successfully created results communications channel
01/21/2017 00:08:02 Exiting InitService
01/21/2017 00:08:02 *****Stopping SUService logging*****



01/23/2017 14:29:17 Returning to OS: 0

01/23/2017 14:29:17 *****Stopping SUService logging*****



01/23/2017 14:30:07 Entered ServiceMain
01/23/2017 14:30:07 Entered InitService
01/23/2017 14:30:07 Successfully created commands communications channel
01/23/2017 14:30:07 Successfully created results communications channel
01/23/2017 14:30:07 Exiting InitService
01/23/2017 14:30:07 *****Stopping SUService logging*****



01/31/2017 09:44:19 Entered ServiceMain
01/31/2017 09:44:19 Entered InitService
01/31/2017 09:44:19 Successfully created commands communications channel
01/31/2017 09:44:19 Successfully created results communications channel
01/31/2017 09:44:19 Exiting InitService
01/31/2017 09:44:19 *****Stopping SUService logging*****



02/01/2017 14:38:01 Returning to OS: 0

02/01/2017 14:38:01 *****Stopping SUService logging*****



02/01/2017 14:38:51 Entered ServiceMain
02/01/2017 14:38:51 Entered InitService
02/01/2017 14:38:51 Successfully created commands communications channel
02/01/2017 14:38:51 Successfully created results communications channel
02/01/2017 14:38:51 Exiting InitService
02/01/2017 14:38:51 *****Stopping SUService logging*****



02/03/2017 11:22:17 Returning to OS: 0

02/03/2017 11:22:17 *****Stopping SUService logging*****



02/03/2017 11:23:03 Entered ServiceMain
02/03/2017 11:23:03 Entered InitService
02/03/2017 11:23:03 Successfully created commands communications channel
02/03/2017 11:23:03 Successfully created results communications channel
02/03/2017 11:23:03 Exiting InitService
02/03/2017 11:23:03 *****Stopping SUService logging*****



02/06/2017 07:32:40 Entered ServiceMain
02/06/2017 07:32:40 Entered InitService
02/06/2017 07:32:40 Successfully created commands communications channel
02/06/2017 07:32:40 Successfully created results communications channel
02/06/2017 07:32:40 Exiting InitService
02/06/2017 07:32:40 *****Stopping SUService logging*****



02/07/2017 10:35:26 Returning to OS: 0

02/07/2017 10:35:26 *****Stopping SUService logging*****



02/07/2017 10:36:11 Entered ServiceMain
02/07/2017 10:36:11 Entered InitService
02/07/2017 10:36:11 Successfully created commands communications channel
02/07/2017 10:36:11 Successfully created results communications channel
02/07/2017 10:36:11 Exiting InitService
02/07/2017 10:36:11 *****Stopping SUService logging*****



02/14/2017 07:29:39 Entered ServiceMain
02/14/2017 07:29:39 Entered InitService
02/14/2017 07:29:39 Successfully created commands communications channel
02/14/2017 07:29:39 Successfully created results communications channel
02/14/2017 07:29:39 Exiting InitService
02/14/2017 07:29:39 *****Stopping SUService logging*****



02/14/2017 07:35:00 Returning to OS: 0

02/14/2017 07:35:00 *****Stopping SUService logging*****



02/14/2017 07:35:51 Entered ServiceMain
02/14/2017 07:35:51 Entered InitService
02/14/2017 07:35:51 Successfully created commands communications channel
02/14/2017 07:35:51 Successfully created results communications channel
02/14/2017 07:35:51 Exiting InitService
02/14/2017 07:35:51 *****Stopping SUService logging*****



02/14/2017 13:27:52 Returning to OS: 0

02/14/2017 13:27:52 *****Stopping SUService logging*****



02/14/2017 13:28:32 Entered ServiceMain
02/14/2017 13:28:32 Entered InitService
02/14/2017 13:28:32 Successfully created commands communications channel
02/14/2017 13:28:32 Successfully created results communications channel
02/14/2017 13:28:32 Exiting InitService
02/14/2017 13:28:32 *****Stopping SUService logging*****



02/28/2017 15:01:21 Returning to OS: 0

02/28/2017 15:01:22 *****Stopping SUService logging*****



02/28/2017 15:02:16 Entered ServiceMain
02/28/2017 15:02:16 Entered InitService
02/28/2017 15:02:16 Successfully created commands communications channel
02/28/2017 15:02:16 Successfully created results communications channel
02/28/2017 15:02:16 Exiting InitService
02/28/2017 15:02:16 *****Stopping SUService logging*****



03/06/2017 15:57:41 Returning to OS: 0

03/06/2017 15:57:41 *****Stopping SUService logging*****



03/06/2017 15:58:57 Entered ServiceMain
03/06/2017 15:58:57 Entered InitService
03/06/2017 15:58:57 Successfully created commands communications channel
03/06/2017 15:58:57 Successfully created results communications channel
03/06/2017 15:58:57 Exiting InitService
03/06/2017 15:58:57 *****Stopping SUService logging*****



08/02/2017 09:58:46 Returning to OS: 0

08/02/2017 09:58:46 *****Stopping SUService logging*****



08/02/2017 09:59:49 Entered ServiceMain
08/02/2017 09:59:49 Entered InitService
08/02/2017 09:59:49 Successfully created commands communications channel
08/02/2017 09:59:49 Successfully created results communications channel
08/02/2017 09:59:49 Exiting InitService
08/02/2017 09:59:49 *****Stopping SUService logging*****



08/02/2017 17:17:34 Entered ServiceMain
08/02/2017 17:17:34 Entered InitService
08/02/2017 17:17:34 Successfully created commands communications channel
08/02/2017 17:17:34 Successfully created results communications channel
08/02/2017 17:17:34 Exiting InitService
08/02/2017 17:17:34 *****Stopping SUService logging*****



08/02/2017 17:32:55 Returning to OS: 0

08/02/2017 17:32:55 *****Stopping SUService logging*****



08/02/2017 17:34:01 Entered ServiceMain
08/02/2017 17:34:01 Entered InitService
08/02/2017 17:34:01 Successfully created commands communications channel
08/02/2017 17:34:01 Successfully created results communications channel
08/02/2017 17:34:01 Exiting InitService
08/02/2017 17:34:01 *****Stopping SUService logging*****



08/04/2017 15:35:11 Entered ServiceMain
08/04/2017 15:35:11 Entered InitService
08/04/2017 15:35:11 Successfully created commands communications channel
08/04/2017 15:35:11 Successfully created results communications channel
08/04/2017 15:35:11 Exiting InitService
08/04/2017 15:35:11 *****Stopping SUService logging*****



08/21/2017 10:11:28 Returning to OS: 0

08/21/2017 10:11:28 *****Stopping SUService logging*****



08/21/2017 10:12:50 Entered ServiceMain
08/21/2017 10:12:50 Entered InitService
08/21/2017 10:12:50 Successfully created commands communications channel
08/21/2017 10:12:50 Successfully created results communications channel
08/21/2017 10:12:50 Exiting InitService
08/21/2017 10:12:50 *****Stopping SUService logging*****



08/22/2017 11:22:04 Returning to OS: 0

08/22/2017 11:22:04 *****Stopping SUService logging*****



08/22/2017 11:22:57 Entered ServiceMain
08/22/2017 11:22:57 Entered InitService
08/22/2017 11:22:57 Successfully created commands communications channel
08/22/2017 11:22:57 Successfully created results communications channel
08/22/2017 11:22:57 Exiting InitService
08/22/2017 11:22:57 *****Stopping SUService logging*****



08/23/2017 10:46:01 Returning to OS: 0

08/23/2017 10:46:01 *****Stopping SUService logging*****



08/23/2017 11:36:45 Entered ServiceMain
08/23/2017 11:36:45 Entered InitService
08/23/2017 11:36:45 Successfully created commands communications channel
08/23/2017 11:36:45 Successfully created results communications channel
08/23/2017 11:36:45 Exiting InitService
08/23/2017 11:36:45 *****Stopping SUService logging*****



08/25/2017 10:06:08 Entered ServiceMain
08/25/2017 10:06:08 Entered InitService
08/25/2017 10:06:08 Successfully created commands communications channel
08/25/2017 10:06:08 Successfully created results communications channel
08/25/2017 10:06:08 Exiting InitService
08/25/2017 10:06:08 *****Stopping SUService logging*****



08/31/2017 18:43:45 Returning to OS: 0

08/31/2017 18:43:45 *****Stopping SUService logging*****



08/31/2017 18:45:03 Entered ServiceMain
08/31/2017 18:45:03 Entered InitService
08/31/2017 18:45:03 Successfully created commands communications channel
08/31/2017 18:45:03 Successfully created results communications channel
08/31/2017 18:45:03 Exiting InitService
08/31/2017 18:45:03 *****Stopping SUService logging*****



09/01/2017 16:38:21 Entered ServiceMain
09/01/2017 16:38:21 Entered InitService
09/01/2017 16:38:21 Successfully created commands communications channel
09/01/2017 16:38:21 Successfully created results communications channel
09/01/2017 16:38:21 Exiting InitService
09/01/2017 16:38:21 *****Stopping SUService logging*****



09/08/2017 11:57:14 Entered ServiceMain
09/08/2017 11:57:14 Entered InitService
09/08/2017 11:57:14 Successfully created commands communications channel
09/08/2017 11:57:14 Successfully created results communications channel
09/08/2017 11:57:14 Exiting InitService
09/08/2017 11:57:14 *****Stopping SUService logging*****



09/13/2017 18:15:08 Returning to OS: 0

09/13/2017 18:15:09 *****Stopping SUService logging*****



09/13/2017 18:16:29 Entered ServiceMain
09/13/2017 18:16:29 Entered InitService
09/13/2017 18:16:29 Successfully created commands communications channel
09/13/2017 18:16:29 Successfully created results communications channel
09/13/2017 18:16:29 Exiting InitService
09/13/2017 18:16:29 *****Stopping SUService logging*****



09/18/2017 10:31:31 Entered ServiceMain
09/18/2017 10:31:31 Entered InitService
09/18/2017 10:31:31 Successfully created commands communications channel
09/18/2017 10:31:31 Successfully created results communications channel
09/18/2017 10:31:31 Exiting InitService
09/18/2017 10:31:31 *****Stopping SUService logging*****



09/26/2017 14:29:44 Returning to OS: 0

09/26/2017 14:29:45 *****Stopping SUService logging*****



09/26/2017 14:31:03 Entered ServiceMain
09/26/2017 14:31:03 Entered InitService
09/26/2017 14:31:03 Successfully created commands communications channel
09/26/2017 14:31:03 Successfully created results communications channel
09/26/2017 14:31:03 Exiting InitService
09/26/2017 14:31:03 *****Stopping SUService logging*****



09/28/2017 14:31:27 Returning to OS: 0

09/28/2017 14:31:28 *****Stopping SUService logging*****



09/28/2017 14:32:18 Entered ServiceMain
09/28/2017 14:32:18 Entered InitService
09/28/2017 14:32:18 Successfully created commands communications channel
09/28/2017 14:32:18 Successfully created results communications channel
09/28/2017 14:32:18 Exiting InitService
09/28/2017 14:32:18 *****Stopping SUService logging*****



11/16/2017 17:50:56 Returning to OS: 0

11/16/2017 17:50:56 *****Stopping SUService logging*****



11/16/2017 17:52:01 Entered ServiceMain
11/16/2017 17:52:01 Entered InitService
11/16/2017 17:52:02 Successfully created commands communications channel
11/16/2017 17:52:02 Successfully created results communications channel
11/16/2017 17:52:02 Exiting InitService
11/16/2017 17:52:02 *****Stopping SUService logging*****



12/15/2017 16:00:22 Returning to OS: 0

12/15/2017 16:00:22 *****Stopping SUService logging*****



12/15/2017 17:07:05 Entered ServiceMain
12/15/2017 17:07:05 Entered InitService
12/15/2017 17:07:05 Successfully created commands communications channel
12/15/2017 17:07:05 Successfully created results communications channel
12/15/2017 17:07:05 Exiting InitService
12/15/2017 17:07:05 *****Stopping SUService logging*****



01/03/2018 13:20:27 Entered ServiceMain
01/03/2018 13:20:27 Entered InitService
01/03/2018 13:20:27 Successfully created commands communications channel
01/03/2018 13:20:27 Successfully created results communications channel
01/03/2018 13:20:27 Exiting InitService
01/03/2018 13:20:27 *****Stopping SUService logging*****



01/03/2018 13:46:51 Returning to OS: 0

01/03/2018 13:46:51 *****Stopping SUService logging*****



01/03/2018 13:47:53 Entered ServiceMain
01/03/2018 13:47:53 Entered InitService
01/03/2018 13:47:53 Successfully created commands communications channel
01/03/2018 13:47:53 Successfully created results communications channel
01/03/2018 13:47:53 Exiting InitService
01/03/2018 13:47:53 *****Stopping SUService logging*****



01/03/2018 15:41:05 Returning to OS: 0

01/03/2018 15:41:05 *****Stopping SUService logging*****



01/03/2018 15:41:51 Entered ServiceMain
01/03/2018 15:41:51 Entered InitService
01/03/2018 15:41:51 Successfully created commands communications channel
01/03/2018 15:41:51 Successfully created results communications channel
01/03/2018 15:41:51 Exiting InitService
01/03/2018 15:41:51 *****Stopping SUService logging*****



01/11/2018 17:41:21 Returning to OS: 0

01/11/2018 17:41:21 *****Stopping SUService logging*****



01/11/2018 17:42:13 Entered ServiceMain
01/11/2018 17:42:13 Entered InitService
01/11/2018 17:42:13 Successfully created commands communications channel
01/11/2018 17:42:13 Successfully created results communications channel
01/11/2018 17:42:13 Exiting InitService
01/11/2018 17:42:13 *****Stopping SUService logging*****



01/25/2018 09:20:48 Returning to OS: 0

01/25/2018 09:20:48 *****Stopping SUService logging*****



01/25/2018 09:21:45 Entered ServiceMain
01/25/2018 09:21:45 Entered InitService
01/25/2018 09:21:45 Successfully created commands communications channel
01/25/2018 09:21:45 Successfully created results communications channel
01/25/2018 09:21:45 Exiting InitService
01/25/2018 09:21:45 *****Stopping SUService logging*****



05/14/2018 17:39:53 Returning to OS: 0

05/14/2018 17:39:54 *****Stopping SUService logging*****



05/25/2018 07:23:08 Entered ServiceMain
05/25/2018 07:23:08 Entered InitService
05/25/2018 07:23:08 Successfully created commands communications channel
05/25/2018 07:23:08 Successfully created results communications channel
05/25/2018 07:23:08 Exiting InitService
05/25/2018 07:23:08 *****Stopping SUService logging*****



05/30/2018 12:11:01 Returning to OS: 0

05/30/2018 12:11:01 *****Stopping SUService logging*****



05/30/2018 12:12:14 Entered ServiceMain
05/30/2018 12:12:14 Entered InitService
05/30/2018 12:12:14 Successfully created commands communications channel
05/30/2018 12:12:14 Successfully created results communications channel
05/30/2018 12:12:14 Exiting InitService
05/30/2018 12:12:14 *****Stopping SUService logging*****



06/12/2018 10:00:44 Returning to OS: 0

06/12/2018 10:00:45 *****Stopping SUService logging*****



06/12/2018 10:18:08 Entered ServiceMain
06/12/2018 10:18:10 Entered InitService
06/12/2018 10:18:10 Successfully created commands communications channel
06/12/2018 10:18:10 Successfully created results communications channel
06/12/2018 10:18:10 Exiting InitService
06/12/2018 10:18:10 *****Stopping SUService logging*****



06/13/2018 17:42:03 Returning to OS: 0

06/13/2018 17:42:03 *****Stopping SUService logging*****



06/13/2018 17:43:22 Entered ServiceMain
06/13/2018 17:43:23 Entered InitService
06/13/2018 17:43:23 Successfully created commands communications channel
06/13/2018 17:43:23 Successfully created results communications channel
06/13/2018 17:43:23 Exiting InitService
06/13/2018 17:43:23 *****Stopping SUService logging*****



06/15/2018 13:32:48 Entered ServiceMain
06/15/2018 13:32:48 Entered InitService
06/15/2018 13:32:48 Successfully created commands communications channel
06/15/2018 13:32:48 Successfully created results communications channel
06/15/2018 13:32:48 Exiting InitService
06/15/2018 13:32:48 *****Stopping SUService logging*****



06/18/2018 15:27:21 Returning to OS: 0

06/18/2018 15:27:21 *****Stopping SUService logging*****



06/18/2018 15:28:18 Entered ServiceMain
06/18/2018 15:28:18 Entered InitService
06/18/2018 15:28:18 Successfully created commands communications channel
06/18/2018 15:28:18 Successfully created results communications channel
06/18/2018 15:28:18 Exiting InitService
06/18/2018 15:28:18 *****Stopping SUService logging*****



06/19/2018 07:21:45 Returning to OS: 0

06/19/2018 07:21:45 *****Stopping SUService logging*****



06/19/2018 07:22:48 Entered ServiceMain
06/19/2018 07:22:48 Entered InitService
06/19/2018 07:22:48 Successfully created commands communications channel
06/19/2018 07:22:48 Successfully created results communications channel
06/19/2018 07:22:48 Exiting InitService
06/19/2018 07:22:48 *****Stopping SUService logging*****



07/17/2018 18:00:12 Returning to OS: 0

07/17/2018 18:00:12 *****Stopping SUService logging*****



07/17/2018 18:01:39 Entered ServiceMain
07/17/2018 18:01:39 Entered InitService
07/17/2018 18:01:39 Successfully created commands communications channel
07/17/2018 18:01:39 Successfully created results communications channel
07/17/2018 18:01:39 Exiting InitService
07/17/2018 18:01:39 *****Stopping SUService logging*****



07/19/2018 19:14:35 Returning to OS: 0

07/19/2018 19:14:35 *****Stopping SUService logging*****



07/19/2018 19:16:04 Entered ServiceMain
07/19/2018 19:16:04 Entered InitService
07/19/2018 19:16:04 Successfully created commands communications channel
07/19/2018 19:16:04 Successfully created results communications channel
07/19/2018 19:16:04 Exiting InitService
07/19/2018 19:16:04 *****Stopping SUService logging*****



08/21/2018 18:11:55 Returning to OS: 0

08/21/2018 18:11:56 *****Stopping SUService logging*****



08/21/2018 18:13:35 Entered ServiceMain
08/21/2018 18:13:35 Entered InitService
08/21/2018 18:13:35 Successfully created commands communications channel
08/21/2018 18:13:35 Successfully created results communications channel
08/21/2018 18:13:35 Exiting InitService
08/21/2018 18:13:35 *****Stopping SUService logging*****



09/12/2018 17:42:11 Returning to OS: 0

09/12/2018 17:42:11 *****Stopping SUService logging*****



09/12/2018 17:44:42 Entered ServiceMain
09/12/2018 17:44:42 Entered InitService
09/12/2018 17:44:42 Successfully created commands communications channel
09/12/2018 17:44:42 Successfully created results communications channel
09/12/2018 17:44:42 Exiting InitService
09/12/2018 17:44:42 *****Stopping SUService logging*****



09/27/2018 17:46:03 Returning to OS: 0

09/27/2018 17:46:03 *****Stopping SUService logging*****



09/27/2018 17:47:26 Entered ServiceMain
09/27/2018 17:47:26 Entered InitService
09/27/2018 17:47:26 Successfully created commands communications channel
09/27/2018 17:47:26 Successfully created results communications channel
09/27/2018 17:47:26 Exiting InitService
09/27/2018 17:47:26 *****Stopping SUService logging*****



10/10/2018 17:39:32 Returning to OS: 0

10/10/2018 17:39:32 *****Stopping SUService logging*****



10/10/2018 17:40:58 Entered ServiceMain
10/10/2018 17:40:58 Entered InitService
10/10/2018 17:40:58 Successfully created commands communications channel
10/10/2018 17:40:58 Successfully created results communications channel
10/10/2018 17:40:58 Exiting InitService
10/10/2018 17:40:58 *****Stopping SUService logging*****



11/05/2018 08:34:19 Entered ServiceMain
11/05/2018 08:34:19 Entered InitService
11/05/2018 08:34:19 Successfully created commands communications channel
11/05/2018 08:34:19 Successfully created results communications channel
11/05/2018 08:34:19 Exiting InitService
11/05/2018 08:34:19 *****Stopping SUService logging*****



11/05/2018 10:02:46 Entered ServiceMain
11/05/2018 10:02:46 Entered InitService
11/05/2018 10:02:46 Successfully created commands communications channel
11/05/2018 10:02:46 Successfully created results communications channel
11/05/2018 10:02:46 Exiting InitService
11/05/2018 10:02:46 *****Stopping SUService logging*****



11/13/2018 17:44:16 Returning to OS: 0

11/13/2018 17:44:17 *****Stopping SUService logging*****



11/14/2018 17:49:35 Entered ServiceMain
11/14/2018 17:49:35 Entered InitService
11/14/2018 17:49:35 Successfully created commands communications channel
11/14/2018 17:49:35 Successfully created results communications channel
11/14/2018 17:49:35 Exiting InitService
11/14/2018 17:49:35 *****Stopping SUService logging*****



11/15/2018 10:21:57 Entered ServiceMain
11/15/2018 10:21:57 Entered InitService
11/15/2018 10:21:57 Successfully created commands communications channel
11/15/2018 10:21:57 Successfully created results communications channel
11/15/2018 10:21:57 Exiting InitService
11/15/2018 10:21:57 *****Stopping SUService logging*****



12/04/2018 13:57:33 Entered ServiceMain
12/04/2018 13:57:34 Entered InitService
12/04/2018 13:57:34 Successfully created commands communications channel
12/04/2018 13:57:34 Successfully created results communications channel
12/04/2018 13:57:34 Exiting InitService
12/04/2018 13:57:34 *****Stopping SUService logging*****



12/12/2018 17:44:11 Returning to OS: 0

12/12/2018 17:44:12 *****Stopping SUService logging*****



12/12/2018 17:45:46 Entered ServiceMain
12/12/2018 17:45:47 Entered InitService
12/12/2018 17:45:47 Successfully created commands communications channel
12/12/2018 17:45:47 Successfully created results communications channel
12/12/2018 17:45:47 Exiting InitService
12/12/2018 17:45:47 *****Stopping SUService logging*****



01/07/2019 09:49:33 Returning to OS: 0

01/07/2019 09:49:34 *****Stopping SUService logging*****



01/07/2019 09:51:03 Entered ServiceMain
01/07/2019 09:51:03 Entered InitService
01/07/2019 09:51:03 Successfully created commands communications channel
01/07/2019 09:51:03 Successfully created results communications channel
01/07/2019 09:51:03 Exiting InitService
01/07/2019 09:51:03 *****Stopping SUService logging*****



01/09/2019 17:43:44 Returning to OS: 0

01/09/2019 17:43:44 *****Stopping SUService logging*****



01/09/2019 17:44:54 Entered ServiceMain
01/09/2019 17:44:54 Entered InitService
01/09/2019 17:44:54 Successfully created commands communications channel
01/09/2019 17:44:54 Successfully created results communications channel
01/09/2019 17:44:54 Exiting InitService
01/09/2019 17:44:54 *****Stopping SUService logging*****



01/10/2019 07:26:35 Returning to OS: 0

01/10/2019 07:26:35 *****Stopping SUService logging*****



01/10/2019 07:27:42 Entered ServiceMain
01/10/2019 07:27:42 Entered InitService
01/10/2019 07:27:42 Successfully created commands communications channel
01/10/2019 07:27:42 Successfully created results communications channel
01/10/2019 07:27:42 Exiting InitService
01/10/2019 07:27:42 *****Stopping SUService logging*****



02/12/2019 14:40:05 Returning to OS: 0

02/12/2019 14:40:05 *****Stopping SUService logging*****



02/12/2019 14:41:34 Entered ServiceMain
02/12/2019 14:41:34 Entered InitService
02/12/2019 14:41:34 Successfully created commands communications channel
02/12/2019 14:41:34 Successfully created results communications channel
02/12/2019 14:41:34 Exiting InitService
02/12/2019 14:41:34 *****Stopping SUService logging*****



02/13/2019 17:43:48 Returning to OS: 0

02/13/2019 17:43:48 *****Stopping SUService logging*****



02/13/2019 17:45:11 Entered ServiceMain
02/13/2019 17:45:12 Entered InitService
02/13/2019 17:45:12 Successfully created commands communications channel
02/13/2019 17:45:12 Successfully created results communications channel
02/13/2019 17:45:12 Exiting InitService
02/13/2019 17:45:12 *****Stopping SUService logging*****



02/15/2019 15:12:02 Returning to OS: 0

02/15/2019 15:12:02 *****Stopping SUService logging*****



02/25/2019 08:55:38 Entered ServiceMain
02/25/2019 08:55:38 Entered InitService
02/25/2019 08:55:38 Successfully created commands communications channel
02/25/2019 08:55:38 Successfully created results communications channel
02/25/2019 08:55:38 Exiting InitService
02/25/2019 08:55:38 *****Stopping SUService logging*****



02/25/2019 17:41:57 Returning to OS: 0

02/25/2019 17:41:57 *****Stopping SUService logging*****



02/25/2019 17:42:57 Entered ServiceMain
02/25/2019 17:42:57 Entered InitService
02/25/2019 17:42:57 Successfully created commands communications channel
02/25/2019 17:42:57 Successfully created results communications channel
02/25/2019 17:42:57 Exiting InitService
02/25/2019 17:42:57 *****Stopping SUService logging*****



03/11/2019 07:17:43 Entered ServiceMain
03/11/2019 07:17:44 Entered InitService
03/11/2019 07:17:44 Successfully created commands communications channel
03/11/2019 07:17:44 Successfully created results communications channel
03/11/2019 07:17:44 Exiting InitService
03/11/2019 07:17:44 *****Stopping SUService logging*****



03/11/2019 16:50:47 Entered ServiceMain
03/11/2019 16:50:47 Entered InitService
03/11/2019 16:50:47 Successfully created commands communications channel
03/11/2019 16:50:47 Successfully created results communications channel
03/11/2019 16:50:47 Exiting InitService
03/11/2019 16:50:47 *****Stopping SUService logging*****



03/14/2019 17:36:47 Returning to OS: 0

03/14/2019 17:36:47 *****Stopping SUService logging*****



03/14/2019 17:38:28 Entered ServiceMain
03/14/2019 17:38:28 Entered InitService
03/14/2019 17:38:28 Successfully created commands communications channel
03/14/2019 17:38:28 Successfully created results communications channel
03/14/2019 17:38:28 Exiting InitService
03/14/2019 17:38:28 *****Stopping SUService logging*****



03/19/2019 09:31:05 Returning to OS: 0

03/19/2019 09:31:05 *****Stopping SUService logging*****



03/19/2019 09:32:23 Entered ServiceMain
03/19/2019 09:32:23 Entered InitService
03/19/2019 09:32:23 Successfully created commands communications channel
03/19/2019 09:32:23 Successfully created results communications channel
03/19/2019 09:32:23 Exiting InitService
03/19/2019 09:32:23 *****Stopping SUService logging*****



05/04/2019 14:59:11 Returning to OS: 0

05/04/2019 14:59:11 *****Stopping SUService logging*****



05/04/2019 15:01:13 Entered ServiceMain
05/04/2019 15:01:14 Entered InitService
05/04/2019 15:01:14 Successfully created commands communications channel
05/04/2019 15:01:14 Successfully created results communications channel
05/04/2019 15:01:14 Exiting InitService
05/04/2019 15:01:14 *****Stopping SUService logging*****



05/04/2019 17:46:24 Returning to OS: 0

05/04/2019 17:46:24 *****Stopping SUService logging*****



05/04/2019 17:47:48 Entered ServiceMain
05/04/2019 17:47:49 Entered InitService
05/04/2019 17:47:49 Successfully created commands communications channel
05/04/2019 17:47:49 Successfully created results communications channel
05/04/2019 17:47:49 Exiting InitService
05/04/2019 17:47:49 *****Stopping SUService logging*****



05/10/2019 08:51:21 Entered ServiceMain
05/10/2019 08:51:22 Entered InitService
05/10/2019 08:51:22 Successfully created commands communications channel
05/10/2019 08:51:22 Successfully created results communications channel
05/10/2019 08:51:22 Exiting InitService
05/10/2019 08:51:22 *****Stopping SUService logging*****



05/13/2019 09:00:20 Entered ServiceMain
05/13/2019 09:00:20 Entered InitService
05/13/2019 09:00:20 Successfully created commands communications channel
05/13/2019 09:00:20 Successfully created results communications channel
05/13/2019 09:00:20 Exiting InitService
05/13/2019 09:00:20 *****Stopping SUService logging*****



05/14/2019 15:05:46 Returning to OS: 0

05/14/2019 15:05:46 *****Stopping SUService logging*****



05/14/2019 15:07:11 Entered ServiceMain
05/14/2019 15:07:12 Entered InitService
05/14/2019 15:07:12 Successfully created commands communications channel
05/14/2019 15:07:12 Successfully created results communications channel
05/14/2019 15:07:12 Exiting InitService
05/14/2019 15:07:12 *****Stopping SUService logging*****



05/17/2019 08:38:35 Entered ServiceMain
05/17/2019 08:38:35 Entered InitService
05/17/2019 08:38:35 Successfully created commands communications channel
05/17/2019 08:38:35 Successfully created results communications channel
05/17/2019 08:38:35 Exiting InitService
05/17/2019 08:38:35 *****Stopping SUService logging*****



05/17/2019 08:46:37 Entered ServiceMain
05/17/2019 08:46:37 Entered InitService
05/17/2019 08:46:37 Successfully created commands communications channel
05/17/2019 08:46:37 Successfully created results communications channel
05/17/2019 08:46:37 Exiting InitService
05/17/2019 08:46:37 *****Stopping SUService logging*****



05/19/2019 13:00:24 Entered ServiceMain
05/19/2019 13:00:24 Entered InitService
05/19/2019 13:00:24 Successfully created commands communications channel
05/19/2019 13:00:24 Successfully created results communications channel
05/19/2019 13:00:24 Exiting InitService
05/19/2019 13:00:24 *****Stopping SUService logging*****



05/24/2019 08:50:13 Entered ServiceMain
05/24/2019 08:50:14 Entered InitService
05/24/2019 08:50:14 Successfully created commands communications channel
05/24/2019 08:50:14 Successfully created results communications channel
05/24/2019 08:50:14 Exiting InitService
05/24/2019 08:50:14 *****Stopping SUService logging*****



05/26/2019 13:55:32 Returning to OS: 0

05/26/2019 13:55:32 *****Stopping SUService logging*****



05/26/2019 13:56:57 Entered ServiceMain
05/26/2019 13:56:57 Entered InitService
05/26/2019 13:56:57 Successfully created commands communications channel
05/26/2019 13:56:57 Successfully created results communications channel
05/26/2019 13:56:57 Exiting InitService
05/26/2019 13:56:57 *****Stopping SUService logging*****



05/26/2019 15:39:24 Entered ServiceMain
05/26/2019 15:39:24 Entered InitService
05/26/2019 15:39:24 Successfully created commands communications channel
05/26/2019 15:39:24 Successfully created results communications channel
05/26/2019 15:39:24 Exiting InitService
05/26/2019 15:39:24 *****Stopping SUService logging*****



05/30/2019 15:21:59 Entered ServiceMain
05/30/2019 15:21:59 Entered InitService
05/30/2019 15:21:59 Successfully created commands communications channel
05/30/2019 15:21:59 Successfully created results communications channel
05/30/2019 15:21:59 Exiting InitService
05/30/2019 15:21:59 *****Stopping SUService logging*****



06/03/2019 09:21:17 Entered ServiceMain
06/03/2019 09:21:17 Entered InitService
06/03/2019 09:21:17 Successfully created commands communications channel
06/03/2019 09:21:17 Successfully created results communications channel
06/03/2019 09:21:17 Exiting InitService
06/03/2019 09:21:17 *****Stopping SUService logging*****



06/06/2019 08:32:03 Entered ServiceMain
06/06/2019 08:32:03 Entered InitService
06/06/2019 08:32:03 Successfully created commands communications channel
06/06/2019 08:32:03 Successfully created results communications channel
06/06/2019 08:32:03 Exiting InitService
06/06/2019 08:32:03 *****Stopping SUService logging*****



06/06/2019 21:00:52 Entered ServiceMain
06/06/2019 21:00:52 Entered InitService
06/06/2019 21:00:52 Successfully created commands communications channel
06/06/2019 21:00:52 Successfully created results communications channel
06/06/2019 21:00:52 Exiting InitService
06/06/2019 21:00:52 *****Stopping SUService logging*****



06/07/2019 21:51:16 Returning to OS: 0

06/07/2019 21:51:16 *****Stopping SUService logging*****



06/07/2019 21:52:25 Entered ServiceMain
06/07/2019 21:52:25 Entered InitService
06/07/2019 21:52:25 Successfully created commands communications channel
06/07/2019 21:52:25 Successfully created results communications channel
06/07/2019 21:52:25 Exiting InitService
06/07/2019 21:52:25 *****Stopping SUService logging*****



06/14/2019 08:23:35 Entered ServiceMain
06/14/2019 08:23:35 Entered InitService
06/14/2019 08:23:35 Successfully created commands communications channel
06/14/2019 08:23:35 Successfully created results communications channel
06/14/2019 08:23:35 Exiting InitService
06/14/2019 08:23:35 *****Stopping SUService logging*****



06/14/2019 18:05:18 Returning to OS: 0

06/14/2019 18:05:18 *****Stopping SUService logging*****



06/14/2019 18:06:36 Entered ServiceMain
06/14/2019 18:06:36 Entered InitService
06/14/2019 18:06:36 Successfully created commands communications channel
06/14/2019 18:06:36 Successfully created results communications channel
06/14/2019 18:06:36 Exiting InitService
06/14/2019 18:06:36 *****Stopping SUService logging*****



06/21/2019 08:53:07 Entered ServiceMain
06/21/2019 08:53:07 Entered InitService
06/21/2019 08:53:07 Successfully created commands communications channel
06/21/2019 08:53:07 Successfully created results communications channel
06/21/2019 08:53:07 Exiting InitService
06/21/2019 08:53:07 *****Stopping SUService logging*****



06/27/2019 21:42:29 Entered ServiceMain
06/27/2019 21:42:30 Entered InitService
06/27/2019 21:42:30 Successfully created commands communications channel
06/27/2019 21:42:30 Successfully created results communications channel
06/27/2019 21:42:30 Exiting InitService
06/27/2019 21:42:30 *****Stopping SUService logging*****



06/28/2019 17:09:28 Entered ServiceMain
06/28/2019 17:09:28 Entered InitService
06/28/2019 17:09:29 Successfully created commands communications channel
06/28/2019 17:09:29 Successfully created results communications channel
06/28/2019 17:09:29 Exiting InitService
06/28/2019 17:09:29 *****Stopping SUService logging*****



06/28/2019 17:26:25 Returning to OS: 0

06/28/2019 17:26:25 *****Stopping SUService logging*****



06/28/2019 17:27:27 Entered ServiceMain
06/28/2019 17:27:27 Entered InitService
06/28/2019 17:27:27 Successfully created commands communications channel
06/28/2019 17:27:27 Successfully created results communications channel
06/28/2019 17:27:27 Exiting InitService
06/28/2019 17:27:27 *****Stopping SUService logging*****



06/28/2019 17:49:59 Returning to OS: 0

06/28/2019 17:49:59 *****Stopping SUService logging*****



06/28/2019 17:50:55 Entered ServiceMain
06/28/2019 17:50:55 Entered InitService
06/28/2019 17:50:55 Successfully created commands communications channel
06/28/2019 17:50:55 Successfully created results communications channel
06/28/2019 17:50:55 Exiting InitService
06/28/2019 17:50:55 *****Stopping SUService logging*****



06/29/2019 14:44:51 Entered ServiceMain
06/29/2019 14:44:51 Entered InitService
06/29/2019 14:44:51 Successfully created commands communications channel
06/29/2019 14:44:51 Successfully created results communications channel
06/29/2019 14:44:51 Exiting InitService
06/29/2019 14:44:51 *****Stopping SUService logging*****



07/06/2019 19:59:27 Returning to OS: 0

07/06/2019 19:59:27 *****Stopping SUService logging*****



07/06/2019 20:00:41 Entered ServiceMain
07/06/2019 20:00:42 Entered InitService
07/06/2019 20:00:42 Successfully created commands communications channel
07/06/2019 20:00:42 Successfully created results communications channel
07/06/2019 20:00:42 Exiting InitService
07/06/2019 20:00:42 *****Stopping SUService logging*****



07/12/2019 09:32:55 Entered ServiceMain
07/12/2019 09:32:55 Entered InitService
07/12/2019 09:32:55 Successfully created commands communications channel
07/12/2019 09:32:55 Successfully created results communications channel
07/12/2019 09:32:55 Exiting InitService
07/12/2019 09:32:55 *****Stopping SUService logging*****



                                                                                                                                                                                                                                                                                                                                              07/12/2019 09:37:33 Entered ServiceMain
07/12/2019 09:37:33 Entered InitService
07/12/2019 09:37:33 Successfully created commands communications channel
07/12/2019 09:37:33 Successfully created results communications channel
07/12/2019 09:37:33 Exiting InitService
07/12/2019 09:37:33 *****Stopping SUService logging*****



07/18/2019 08:21:11 Entered ServiceMain
07/18/2019 08:21:11 Entered InitService
07/18/2019 08:21:11 Successfully created commands communications channel
07/18/2019 08:21:11 Successfully created results communications channel
07/18/2019 08:21:11 Exiting InitService
07/18/2019 08:21:11 *****Stopping SUService logging*****



07/26/2019 09:08:10 Entered ServiceMain
07/26/2019 09:08:10 Entered InitService
07/26/2019 09:08:10 Successfully created commands communications channel
07/26/2019 09:08:10 Successfully created results communications channel
07/26/2019 09:08:10 Exiting InitService
07/26/2019 09:08:10 *****Stopping SUService logging*****



07/26/2019 09:18:16 Entered ServiceMain
07/26/2019 09:18:16 Entered InitService
07/26/2019 09:18:16 Successfully created commands communications channel
07/26/2019 09:18:16 Successfully created results communications channel
07/26/2019 09:18:16 Exiting InitService
07/26/2019 09:18:16 *****Stopping SUService logging*****



07/26/2019 09:43:27 Returning to OS: 0

07/26/2019 09:43:27 *****Stopping SUService logging*****



07/26/2019 09:44:48 Entered ServiceMain
07/26/2019 09:44:48 Entered InitService
07/26/2019 09:44:48 Successfully created commands communications channel
07/26/2019 09:44:48 Successfully created results communications channel
07/26/2019 09:44:48 Exiting InitService
07/26/2019 09:44:48 *****Stopping SUService logging*****



08/01/2019 19:36:55 Entered ServiceMain
08/01/2019 19:36:55 Entered InitService
08/01/2019 19:36:55 Successfully created commands communications channel
08/01/2019 19:36:55 Successfully created results communications channel
08/01/2019 19:36:55 Exiting InitService
08/01/2019 19:36:55 *****Stopping SUService logging*****



08/08/2019 09:30:39 Entered ServiceMain
08/08/2019 09:30:39 Entered InitService
08/08/2019 09:30:39 Successfully created commands communications channel
08/08/2019 09:30:39 Successfully created results communications channel
08/08/2019 09:30:39 Exiting InitService
08/08/2019 09:30:39 *****Stopping SUService logging*****



08/09/2019 09:25:57 Entered ServiceMain
08/09/2019 09:25:57 Entered InitService
08/09/2019 09:25:57 Successfully created commands communications channel
08/09/2019 09:25:57 Successfully created results communications channel
08/09/2019 09:25:57 Exiting InitService
08/09/2019 09:25:57 *****Stopping SUService logging*****



08/14/2019 09:36:31 Entered ServiceMain
08/14/2019 09:36:31 Entered InitService
08/14/2019 09:36:31 Successfully created commands communications channel
08/14/2019 09:36:31 Successfully created results communications channel
08/14/2019 09:36:31 Exiting InitService
08/14/2019 09:36:31 *****Stopping SUService logging*****



08/14/2019 17:49:19 Returning to OS: 0

08/14/2019 17:49:20 *****Stopping SUService logging*****



08/14/2019 19:39:08 Entered ServiceMain
08/14/2019 19:39:08 Entered InitService
08/14/2019 19:39:08 Successfully created commands communications channel
08/14/2019 19:39:08 Successfully created results communications channel
08/14/2019 19:39:08 Exiting InitService
08/14/2019 19:39:08 *****Stopping SUService logging*****



08/16/2019 09:20:35 Entered ServiceMain
08/16/2019 09:20:35 Entered InitService
08/16/2019 09:20:35 Successfully created commands communications channel
08/16/2019 09:20:35 Successfully created results communications channel
08/16/2019 09:20:35 Exiting InitService
08/16/2019 09:20:35 *****Stopping SUService logging*****



08/19/2019 17:34:35 Returning to OS: 0

08/19/2019 17:34:35 *****Stopping SUService logging*****



08/19/2019 17:36:29 Entered ServiceMain
08/19/2019 17:36:30 Entered InitService
08/19/2019 17:36:30 Successfully created commands communications channel
08/19/2019 17:36:30 Successfully created results communications channel
08/19/2019 17:36:30 Exiting InitService
08/19/2019 17:36:30 *****Stopping SUService logging*****



08/20/2019 09:58:57 Entered ServiceMain
08/20/2019 09:58:57 Entered InitService
08/20/2019 09:58:57 Successfully created commands communications channel
08/20/2019 09:58:57 Successfully created results communications channel
08/20/2019 09:58:57 Exiting InitService
08/20/2019 09:58:57 *****Stopping SUService logging*****



08/23/2019 09:38:43 Entered ServiceMain
08/23/2019 09:38:43 Entered InitService
08/23/2019 09:38:43 Successfully created commands communications channel
08/23/2019 09:38:43 Successfully created results communications channel
08/23/2019 09:38:43 Exiting InitService
08/23/2019 09:38:43 *****Stopping SUService logging*****



08/30/2019 09:32:15 Entered ServiceMain
08/30/2019 09:32:15 Entered InitService
08/30/2019 09:32:15 Successfully created commands communications channel
08/30/2019 09:32:15 Successfully created results communications channel
08/30/2019 09:32:15 Exiting InitService
08/30/2019 09:32:15 *****Stopping SUService logging*****



09/03/2019 09:47:47 Entered ServiceMain
09/03/2019 09:47:47 Entered InitService
09/03/2019 09:47:47 Successfully created commands communications channel
09/03/2019 09:47:47 Successfully created results communications channel
09/03/2019 09:47:47 Exiting InitService
09/03/2019 09:47:47 *****Stopping SUService logging*****



09/05/2019 10:29:44 Entered ServiceMain
09/05/2019 10:29:44 Entered InitService
09/05/2019 10:29:44 Successfully created commands communications channel
09/05/2019 10:29:44 Successfully created results communications channel
09/05/2019 10:29:44 Exiting InitService
09/05/2019 10:29:44 *****Stopping SUService logging*****



